This is pdfTeX, Version 3.14159265-2.6-1.40.18 (TeX Live 2017/Debian) (preloaded format=pdflatex 2019.3.29)  30 MAR 2019 10:53
entering extended mode
 restricted \write18 enabled.
 %&-line parsing enabled.
**informetp1.tex
(./informetp1.tex
LaTeX2e <2017-04-15>
Babel <3.18> and hyphenation patterns for 84 language(s) loaded.
(/usr/share/texlive/texmf-dist/tex/latex/base/article.cls
Document Class: article 2014/09/29 v1.4h Standard LaTeX document class
(/usr/share/texlive/texmf-dist/tex/latex/base/size10.clo
File: size10.clo 2014/09/29 v1.4h Standard LaTeX file (size option)
)
\c@part=\count79
\c@section=\count80
\c@subsection=\count81
\c@subsubsection=\count82
\c@paragraph=\count83
\c@subparagraph=\count84
\c@figure=\count85
\c@table=\count86
\abovecaptionskip=\skip41
\belowcaptionskip=\skip42
\bibindent=\dimen102
)
(/usr/share/texlive/texmf-dist/tex/generic/babel/babel.sty
Package: babel 2018/02/14 3.18 The Babel package

(/usr/share/texlive/texmf-dist/tex/generic/babel/switch.def
File: switch.def 2018/02/14 3.18 Babel switching mechanism
)
(/usr/share/texlive/texmf-dist/tex/generic/babel-spanish/spanish.ldf
Language: spanish.ldf 2016/03/03 v5.0p Spanish support from the babel system

(/usr/share/texlive/texmf-dist/tex/generic/babel/babel.def
File: babel.def 2018/02/14 3.18 Babel common definitions
\babel@savecnt=\count87
\U@D=\dimen103

(/usr/share/texlive/texmf-dist/tex/generic/babel/txtbabel.def)
\bbl@dirlevel=\count88
)
\es@quottoks=\toks14
\es@quotdepth=\count89
Package babel Info: Making " an active character on input line 561.
Package babel Info: Making . an active character on input line 662.
Package babel Info: Making < an active character on input line 707.
Package babel Info: Making > an active character on input line 707.
))
(/usr/share/texlive/texmf-dist/tex/latex/graphics/graphicx.sty
Package: graphicx 2017/06/01 v1.1a Enhanced LaTeX Graphics (DPC,SPQR)

(/usr/share/texlive/texmf-dist/tex/latex/graphics/keyval.sty
Package: keyval 2014/10/28 v1.15 key=value parser (DPC)
\KV@toks@=\toks15
)
(/usr/share/texlive/texmf-dist/tex/latex/graphics/graphics.sty
Package: graphics 2017/06/25 v1.2c Standard LaTeX Graphics (DPC,SPQR)

(/usr/share/texlive/texmf-dist/tex/latex/graphics/trig.sty
Package: trig 2016/01/03 v1.10 sin cos tan (DPC)
)
(/usr/share/texlive/texmf-dist/tex/latex/graphics-cfg/graphics.cfg
File: graphics.cfg 2016/06/04 v1.11 sample graphics configuration
)
Package graphics Info: Driver file: pdftex.def on input line 99.

(/usr/share/texlive/texmf-dist/tex/latex/graphics-def/pdftex.def
File: pdftex.def 2018/01/08 v1.0l Graphics/color driver for pdftex
))
\Gin@req@height=\dimen104
\Gin@req@width=\dimen105
)
(/usr/share/texlive/texmf-dist/tex/latex/base/inputenc.sty
Package: inputenc 2015/03/17 v1.2c Input encoding file
\inpenc@prehook=\toks16
\inpenc@posthook=\toks17

(/usr/share/texlive/texmf-dist/tex/latex/base/ansinew.def
File: ansinew.def 2015/03/17 v1.2c Input encoding file
))
(/usr/share/texlive/texmf-dist/tex/latex/oberdiek/inputenx.sty
Package: inputenx 2016/05/16 v1.11 Enhanced input encoding handling (HO)

(/usr/share/texlive/texmf-dist/tex/latex/oberdiek/ix-alias.def
File: ix-alias.def 2016/05/16 v1.11 Alias list (inputenx)
)
Package inputenx Info: Encoding name: utf8
(inputenx)             Encoding file: utf8.def
(inputenx)              on input line 171.

(/usr/share/texlive/texmf-dist/tex/latex/base/utf8.def
File: utf8.def 2017/01/28 v1.1t UTF-8 support for inputenc
Now handling font encoding OML ...
... no UTF-8 mapping file for font encoding OML
Now handling font encoding T1 ...
... processing UTF-8 mapping file for font encoding T1

(/usr/share/texlive/texmf-dist/tex/latex/base/t1enc.dfu
File: t1enc.dfu 2017/01/28 v1.1t UTF-8 support for inputenc
   defining Unicode char U+00A0 (decimal 160)
   defining Unicode char U+00A1 (decimal 161)
   defining Unicode char U+00A3 (decimal 163)
   defining Unicode char U+00AB (decimal 171)
   defining Unicode char U+00AD (decimal 173)
   defining Unicode char U+00BB (decimal 187)
   defining Unicode char U+00BF (decimal 191)
   defining Unicode char U+00C0 (decimal 192)
   defining Unicode char U+00C1 (decimal 193)
   defining Unicode char U+00C2 (decimal 194)
   defining Unicode char U+00C3 (decimal 195)
   defining Unicode char U+00C4 (decimal 196)
   defining Unicode char U+00C5 (decimal 197)
   defining Unicode char U+00C6 (decimal 198)
   defining Unicode char U+00C7 (decimal 199)
   defining Unicode char U+00C8 (decimal 200)
   defining Unicode char U+00C9 (decimal 201)
   defining Unicode char U+00CA (decimal 202)
   defining Unicode char U+00CB (decimal 203)
   defining Unicode char U+00CC (decimal 204)
   defining Unicode char U+00CD (decimal 205)
   defining Unicode char U+00CE (decimal 206)
   defining Unicode char U+00CF (decimal 207)
   defining Unicode char U+00D0 (decimal 208)
   defining Unicode char U+00D1 (decimal 209)
   defining Unicode char U+00D2 (decimal 210)
   defining Unicode char U+00D3 (decimal 211)
   defining Unicode char U+00D4 (decimal 212)
   defining Unicode char U+00D5 (decimal 213)
   defining Unicode char U+00D6 (decimal 214)
   defining Unicode char U+00D8 (decimal 216)
   defining Unicode char U+00D9 (decimal 217)
   defining Unicode char U+00DA (decimal 218)
   defining Unicode char U+00DB (decimal 219)
   defining Unicode char U+00DC (decimal 220)
   defining Unicode char U+00DD (decimal 221)
   defining Unicode char U+00DE (decimal 222)
   defining Unicode char U+00DF (decimal 223)
   defining Unicode char U+00E0 (decimal 224)
   defining Unicode char U+00E1 (decimal 225)
   defining Unicode char U+00E2 (decimal 226)
   defining Unicode char U+00E3 (decimal 227)
   defining Unicode char U+00E4 (decimal 228)
   defining Unicode char U+00E5 (decimal 229)
   defining Unicode char U+00E6 (decimal 230)
   defining Unicode char U+00E7 (decimal 231)
   defining Unicode char U+00E8 (decimal 232)
   defining Unicode char U+00E9 (decimal 233)
   defining Unicode char U+00EA (decimal 234)
   defining Unicode char U+00EB (decimal 235)
   defining Unicode char U+00EC (decimal 236)
   defining Unicode char U+00ED (decimal 237)
   defining Unicode char U+00EE (decimal 238)
   defining Unicode char U+00EF (decimal 239)
   defining Unicode char U+00F0 (decimal 240)
   defining Unicode char U+00F1 (decimal 241)
   defining Unicode char U+00F2 (decimal 242)
   defining Unicode char U+00F3 (decimal 243)
   defining Unicode char U+00F4 (decimal 244)
   defining Unicode char U+00F5 (decimal 245)
   defining Unicode char U+00F6 (decimal 246)
   defining Unicode char U+00F8 (decimal 248)
   defining Unicode char U+00F9 (decimal 249)
   defining Unicode char U+00FA (decimal 250)
   defining Unicode char U+00FB (decimal 251)
   defining Unicode char U+00FC (decimal 252)
   defining Unicode char U+00FD (decimal 253)
   defining Unicode char U+00FE (decimal 254)
   defining Unicode char U+00FF (decimal 255)
   defining Unicode char U+0100 (decimal 256)
   defining Unicode char U+0101 (decimal 257)
   defining Unicode char U+0102 (decimal 258)
   defining Unicode char U+0103 (decimal 259)
   defining Unicode char U+0104 (decimal 260)
   defining Unicode char U+0105 (decimal 261)
   defining Unicode char U+0106 (decimal 262)
   defining Unicode char U+0107 (decimal 263)
   defining Unicode char U+0108 (decimal 264)
   defining Unicode char U+0109 (decimal 265)
   defining Unicode char U+010A (decimal 266)
   defining Unicode char U+010B (decimal 267)
   defining Unicode char U+010C (decimal 268)
   defining Unicode char U+010D (decimal 269)
   defining Unicode char U+010E (decimal 270)
   defining Unicode char U+010F (decimal 271)
   defining Unicode char U+0110 (decimal 272)
   defining Unicode char U+0111 (decimal 273)
   defining Unicode char U+0112 (decimal 274)
   defining Unicode char U+0113 (decimal 275)
   defining Unicode char U+0114 (decimal 276)
   defining Unicode char U+0115 (decimal 277)
   defining Unicode char U+0116 (decimal 278)
   defining Unicode char U+0117 (decimal 279)
   defining Unicode char U+0118 (decimal 280)
   defining Unicode char U+0119 (decimal 281)
   defining Unicode char U+011A (decimal 282)
   defining Unicode char U+011B (decimal 283)
   defining Unicode char U+011C (decimal 284)
   defining Unicode char U+011D (decimal 285)
   defining Unicode char U+011E (decimal 286)
   defining Unicode char U+011F (decimal 287)
   defining Unicode char U+0120 (decimal 288)
   defining Unicode char U+0121 (decimal 289)
   defining Unicode char U+0122 (decimal 290)
   defining Unicode char U+0123 (decimal 291)
   defining Unicode char U+0124 (decimal 292)
   defining Unicode char U+0125 (decimal 293)
   defining Unicode char U+0128 (decimal 296)
   defining Unicode char U+0129 (decimal 297)
   defining Unicode char U+012A (decimal 298)
   defining Unicode char U+012B (decimal 299)
   defining Unicode char U+012C (decimal 300)
   defining Unicode char U+012D (decimal 301)
   defining Unicode char U+012E (decimal 302)
   defining Unicode char U+012F (decimal 303)
   defining Unicode char U+0130 (decimal 304)
   defining Unicode char U+0131 (decimal 305)
   defining Unicode char U+0132 (decimal 306)
   defining Unicode char U+0133 (decimal 307)
   defining Unicode char U+0134 (decimal 308)
   defining Unicode char U+0135 (decimal 309)
   defining Unicode char U+0136 (decimal 310)
   defining Unicode char U+0137 (decimal 311)
   defining Unicode char U+0139 (decimal 313)
   defining Unicode char U+013A (decimal 314)
   defining Unicode char U+013B (decimal 315)
   defining Unicode char U+013C (decimal 316)
   defining Unicode char U+013D (decimal 317)
   defining Unicode char U+013E (decimal 318)
   defining Unicode char U+0141 (decimal 321)
   defining Unicode char U+0142 (decimal 322)
   defining Unicode char U+0143 (decimal 323)
   defining Unicode char U+0144 (decimal 324)
   defining Unicode char U+0145 (decimal 325)
   defining Unicode char U+0146 (decimal 326)
   defining Unicode char U+0147 (decimal 327)
   defining Unicode char U+0148 (decimal 328)
   defining Unicode char U+014A (decimal 330)
   defining Unicode char U+014B (decimal 331)
   defining Unicode char U+014C (decimal 332)
   defining Unicode char U+014D (decimal 333)
   defining Unicode char U+014E (decimal 334)
   defining Unicode char U+014F (decimal 335)
   defining Unicode char U+0150 (decimal 336)
   defining Unicode char U+0151 (decimal 337)
   defining Unicode char U+0152 (decimal 338)
   defining Unicode char U+0153 (decimal 339)
   defining Unicode char U+0154 (decimal 340)
   defining Unicode char U+0155 (decimal 341)
   defining Unicode char U+0156 (decimal 342)
   defining Unicode char U+0157 (decimal 343)
   defining Unicode char U+0158 (decimal 344)
   defining Unicode char U+0159 (decimal 345)
   defining Unicode char U+015A (decimal 346)
   defining Unicode char U+015B (decimal 347)
   defining Unicode char U+015C (decimal 348)
   defining Unicode char U+015D (decimal 349)
   defining Unicode char U+015E (decimal 350)
   defining Unicode char U+015F (decimal 351)
   defining Unicode char U+0160 (decimal 352)
   defining Unicode char U+0161 (decimal 353)
   defining Unicode char U+0162 (decimal 354)
   defining Unicode char U+0163 (decimal 355)
   defining Unicode char U+0164 (decimal 356)
   defining Unicode char U+0165 (decimal 357)
   defining Unicode char U+0168 (decimal 360)
   defining Unicode char U+0169 (decimal 361)
   defining Unicode char U+016A (decimal 362)
   defining Unicode char U+016B (decimal 363)
   defining Unicode char U+016C (decimal 364)
   defining Unicode char U+016D (decimal 365)
   defining Unicode char U+016E (decimal 366)
   defining Unicode char U+016F (decimal 367)
   defining Unicode char U+0170 (decimal 368)
   defining Unicode char U+0171 (decimal 369)
   defining Unicode char U+0172 (decimal 370)
   defining Unicode char U+0173 (decimal 371)
   defining Unicode char U+0174 (decimal 372)
   defining Unicode char U+0175 (decimal 373)
   defining Unicode char U+0176 (decimal 374)
   defining Unicode char U+0177 (decimal 375)
   defining Unicode char U+0178 (decimal 376)
   defining Unicode char U+0179 (decimal 377)
   defining Unicode char U+017A (decimal 378)
   defining Unicode char U+017B (decimal 379)
   defining Unicode char U+017C (decimal 380)
   defining Unicode char U+017D (decimal 381)
   defining Unicode char U+017E (decimal 382)
   defining Unicode char U+01CD (decimal 461)
   defining Unicode char U+01CE (decimal 462)
   defining Unicode char U+01CF (decimal 463)
   defining Unicode char U+01D0 (decimal 464)
   defining Unicode char U+01D1 (decimal 465)
   defining Unicode char U+01D2 (decimal 466)
   defining Unicode char U+01D3 (decimal 467)
   defining Unicode char U+01D4 (decimal 468)
   defining Unicode char U+01E2 (decimal 482)
   defining Unicode char U+01E3 (decimal 483)
   defining Unicode char U+01E6 (decimal 486)
   defining Unicode char U+01E7 (decimal 487)
   defining Unicode char U+01E8 (decimal 488)
   defining Unicode char U+01E9 (decimal 489)
   defining Unicode char U+01EA (decimal 490)
   defining Unicode char U+01EB (decimal 491)
   defining Unicode char U+01F0 (decimal 496)
   defining Unicode char U+01F4 (decimal 500)
   defining Unicode char U+01F5 (decimal 501)
   defining Unicode char U+0218 (decimal 536)
   defining Unicode char U+0219 (decimal 537)
   defining Unicode char U+021A (decimal 538)
   defining Unicode char U+021B (decimal 539)
   defining Unicode char U+0232 (decimal 562)
   defining Unicode char U+0233 (decimal 563)
   defining Unicode char U+1E02 (decimal 7682)
   defining Unicode char U+1E03 (decimal 7683)
   defining Unicode char U+200C (decimal 8204)
   defining Unicode char U+2010 (decimal 8208)
   defining Unicode char U+2011 (decimal 8209)
   defining Unicode char U+2012 (decimal 8210)
   defining Unicode char U+2013 (decimal 8211)
   defining Unicode char U+2014 (decimal 8212)
   defining Unicode char U+2015 (decimal 8213)
   defining Unicode char U+2018 (decimal 8216)
   defining Unicode char U+2019 (decimal 8217)
   defining Unicode char U+201A (decimal 8218)
   defining Unicode char U+201C (decimal 8220)
   defining Unicode char U+201D (decimal 8221)
   defining Unicode char U+201E (decimal 8222)
   defining Unicode char U+2030 (decimal 8240)
   defining Unicode char U+2031 (decimal 8241)
   defining Unicode char U+2039 (decimal 8249)
   defining Unicode char U+203A (decimal 8250)
   defining Unicode char U+2423 (decimal 9251)
   defining Unicode char U+1E20 (decimal 7712)
   defining Unicode char U+1E21 (decimal 7713)
)
Now handling font encoding OT1 ...
... processing UTF-8 mapping file for font encoding OT1

(/usr/share/texlive/texmf-dist/tex/latex/base/ot1enc.dfu
File: ot1enc.dfu 2017/01/28 v1.1t UTF-8 support for inputenc
   defining Unicode char U+00A0 (decimal 160)
   defining Unicode char U+00A1 (decimal 161)
   defining Unicode char U+00A3 (decimal 163)
   defining Unicode char U+00AD (decimal 173)
   defining Unicode char U+00B8 (decimal 184)
   defining Unicode char U+00BF (decimal 191)
   defining Unicode char U+00C5 (decimal 197)
   defining Unicode char U+00C6 (decimal 198)
   defining Unicode char U+00D8 (decimal 216)
   defining Unicode char U+00DF (decimal 223)
   defining Unicode char U+00E6 (decimal 230)
   defining Unicode char U+00EC (decimal 236)
   defining Unicode char U+00ED (decimal 237)
   defining Unicode char U+00EE (decimal 238)
   defining Unicode char U+00EF (decimal 239)
   defining Unicode char U+00F8 (decimal 248)
   defining Unicode char U+0131 (decimal 305)
   defining Unicode char U+0141 (decimal 321)
   defining Unicode char U+0142 (decimal 322)
   defining Unicode char U+0152 (decimal 338)
   defining Unicode char U+0153 (decimal 339)
   defining Unicode char U+0174 (decimal 372)
   defining Unicode char U+0175 (decimal 373)
   defining Unicode char U+0176 (decimal 374)
   defining Unicode char U+0177 (decimal 375)
   defining Unicode char U+0218 (decimal 536)
   defining Unicode char U+0219 (decimal 537)
   defining Unicode char U+021A (decimal 538)
   defining Unicode char U+021B (decimal 539)
   defining Unicode char U+2013 (decimal 8211)
   defining Unicode char U+2014 (decimal 8212)
   defining Unicode char U+2018 (decimal 8216)
   defining Unicode char U+2019 (decimal 8217)
   defining Unicode char U+201C (decimal 8220)
   defining Unicode char U+201D (decimal 8221)
)
Now handling font encoding OMS ...
... processing UTF-8 mapping file for font encoding OMS

(/usr/share/texlive/texmf-dist/tex/latex/base/omsenc.dfu
File: omsenc.dfu 2017/01/28 v1.1t UTF-8 support for inputenc
   defining Unicode char U+00A7 (decimal 167)
   defining Unicode char U+00B6 (decimal 182)
   defining Unicode char U+00B7 (decimal 183)
   defining Unicode char U+2020 (decimal 8224)
   defining Unicode char U+2021 (decimal 8225)
   defining Unicode char U+2022 (decimal 8226)
)
Now handling font encoding OMX ...
... no UTF-8 mapping file for font encoding OMX
Now handling font encoding U ...
... no UTF-8 mapping file for font encoding U
   defining Unicode char U+00A9 (decimal 169)
   defining Unicode char U+00AA (decimal 170)
   defining Unicode char U+00AE (decimal 174)
   defining Unicode char U+00BA (decimal 186)
   defining Unicode char U+02C6 (decimal 710)
   defining Unicode char U+02DC (decimal 732)
   defining Unicode char U+200C (decimal 8204)
   defining Unicode char U+2026 (decimal 8230)
   defining Unicode char U+2122 (decimal 8482)
   defining Unicode char U+2423 (decimal 9251)
)) (./informetp1.aux
LaTeX Info: Redefining \. on input line 6.
LaTeX Info: Redefining \% on input line 6.
)
\openout1 = `informetp1.aux'.

LaTeX Font Info:    Checking defaults for OML/cmm/m/it on input line 22.
LaTeX Font Info:    ... okay on input line 22.
LaTeX Font Info:    Checking defaults for T1/cmr/m/n on input line 22.
LaTeX Font Info:    ... okay on input line 22.
LaTeX Font Info:    Checking defaults for OT1/cmr/m/n on input line 22.
LaTeX Font Info:    ... okay on input line 22.
LaTeX Font Info:    Checking defaults for OMS/cmsy/m/n on input line 22.
LaTeX Font Info:    ... okay on input line 22.
LaTeX Font Info:    Checking defaults for OMX/cmex/m/n on input line 22.
LaTeX Font Info:    ... okay on input line 22.
LaTeX Font Info:    Checking defaults for U/cmr/m/n on input line 22.
LaTeX Font Info:    ... okay on input line 22.
LaTeX Info: Redefining \. on input line 22.
LaTeX Info: Redefining \% on input line 22.

(/usr/share/texlive/texmf-dist/tex/context/base/mkii/supp-pdf.mkii
[Loading MPS to PDF converter (version 2006.09.02).]
\scratchcounter=\count90
\scratchdimen=\dimen106
\scratchbox=\box26
\nofMPsegments=\count91
\nofMParguments=\count92
\everyMPshowfont=\toks18
\MPscratchCnt=\count93
\MPscratchDim=\dimen107
\MPnumerator=\count94
\makeMPintoPDFobject=\count95
\everyMPtoPDFconversion=\toks19
) (/usr/share/texlive/texmf-dist/tex/latex/oberdiek/epstopdf-base.sty
Package: epstopdf-base 2016/05/15 v2.6 Base part for package epstopdf

(/usr/share/texlive/texmf-dist/tex/generic/oberdiek/infwarerr.sty
Package: infwarerr 2016/05/16 v1.4 Providing info/warning/error messages (HO)
)
(/usr/share/texlive/texmf-dist/tex/latex/oberdiek/grfext.sty
Package: grfext 2016/05/16 v1.2 Manage graphics extensions (HO)

(/usr/share/texlive/texmf-dist/tex/generic/oberdiek/kvdefinekeys.sty
Package: kvdefinekeys 2016/05/16 v1.4 Define keys (HO)

(/usr/share/texlive/texmf-dist/tex/generic/oberdiek/ltxcmds.sty
Package: ltxcmds 2016/05/16 v1.23 LaTeX kernel commands for general use (HO)
)))
(/usr/share/texlive/texmf-dist/tex/latex/oberdiek/kvoptions.sty
Package: kvoptions 2016/05/16 v3.12 Key value format for package options (HO)

(/usr/share/texlive/texmf-dist/tex/generic/oberdiek/kvsetkeys.sty
Package: kvsetkeys 2016/05/16 v1.17 Key value parser (HO)

(/usr/share/texlive/texmf-dist/tex/generic/oberdiek/etexcmds.sty
Package: etexcmds 2016/05/16 v1.6 Avoid name clashes with e-TeX commands (HO)

(/usr/share/texlive/texmf-dist/tex/generic/oberdiek/ifluatex.sty
Package: ifluatex 2016/05/16 v1.4 Provides the ifluatex switch (HO)
Package ifluatex Info: LuaTeX not detected.
)
Package etexcmds Info: Could not find \expanded.
(etexcmds)             That can mean that you are not using pdfTeX 1.50 or
(etexcmds)             that some package has redefined \expanded.
(etexcmds)             In the latter case, load this package earlier.
)))
(/usr/share/texlive/texmf-dist/tex/generic/oberdiek/pdftexcmds.sty
Package: pdftexcmds 2018/01/21 v0.26 Utility functions of pdfTeX for LuaTeX (HO
)

(/usr/share/texlive/texmf-dist/tex/generic/oberdiek/ifpdf.sty
Package: ifpdf 2017/03/15 v3.2 Provides the ifpdf switch
)
Package pdftexcmds Info: LuaTeX not detected.
Package pdftexcmds Info: \pdf@primitive is available.
Package pdftexcmds Info: \pdf@ifprimitive is available.
Package pdftexcmds Info: \pdfdraftmode found.
)
Package epstopdf-base Info: Redefining graphics rule for `.eps' on input line 4
38.
Package grfext Info: Graphics extension search list:
(grfext)             [.pdf,.png,.jpg,.mps,.jpeg,.jbig2,.jb2,.PDF,.PNG,.JPG,.JPE
G,.JBIG2,.JB2,.eps]
(grfext)             \AppendGraphicsExtensions on input line 456.

(/usr/share/texlive/texmf-dist/tex/latex/latexconfig/epstopdf-sys.cfg
File: epstopdf-sys.cfg 2010/07/13 v1.3 Configuration of (r)epstopdf for TeX Liv
e
))
LaTeX Font Info:    External font `cmex10' loaded for size
(Font)              <12> on input line 24.
LaTeX Font Info:    External font `cmex10' loaded for size
(Font)              <8> on input line 24.
LaTeX Font Info:    External font `cmex10' loaded for size
(Font)              <6> on input line 24.
LaTeX Font Info:    External font `cmex10' loaded for size
(Font)              <7> on input line 24.
LaTeX Font Info:    External font `cmex10' loaded for size
(Font)              <5> on input line 24.

[1

{/var/lib/texmf/fonts/map/pdftex/updmap/pdftex.map}]
Underfull \hbox (badness 10000) in paragraph at lines 49--50

 []


Overfull \hbox (10.74715pt too wide) in paragraph at lines 52--52
 []\OT1/cmtt/m/n/10 int palindrome(int ifd, size_t ibytes, int ofd, size_t obyt
es);[] 
 []

[2] [3]
Overfull \hbox (99.99637pt too wide) in paragraph at lines 145--145
 []\OT1/cmtt/m/n/10 ~ gcc -Wall -O0 -g tp1.c palindrome.S esEspacio.S mymalloc.
S -o nombreExecutable[] 
 []


Underfull \hbox (badness 10000) in paragraph at lines 151--152

 []

[4]
Overfull \hbox (10.74715pt too wide) in paragraph at lines 352--352
 []\OT1/cmtt/m/n/10 int palindrome(int ifd, size_t ibytes, int ofd, size_t obyt
es);[] 
 []


Overfull \hbox (84.2465pt too wide) in paragraph at lines 352--352
 []\OT1/cmtt/m/n/10 int aperturaDeArchivos(char* inName, FILE** input_file, cha
r* outName, FILE**[] 
 []


Overfull \hbox (84.2465pt too wide) in paragraph at lines 352--352
 []\OT1/cmtt/m/n/10 if (fprintf(stderr,"No se pudo abrir el archivo el archivo 
de entrada: %s\n",[] 
 []


Overfull \hbox (57.99673pt too wide) in paragraph at lines 352--352
 []\OT1/cmtt/m/n/10 fprintf(stderr, "Fallo en la ejecucion de la funcion fprint
f o printf");[] 
 []


Overfull \hbox (78.99655pt too wide) in paragraph at lines 352--352
 []\OT1/cmtt/m/n/10 if (fprintf(stderr,"No se pudo abrir el archivo el archivo 
de salida: %s\n",[] 
 []


Overfull \hbox (57.99673pt too wide) in paragraph at lines 352--352
 []\OT1/cmtt/m/n/10 fprintf(stderr, "Fallo en la ejecucion de la funcion fprint
f o printf");[] 
 []


Overfull \hbox (0.24724pt too wide) in paragraph at lines 352--352
 []\OT1/cmtt/m/n/10 char* seIngresoParametro_io(char* par, int len, char** argv
){[] 
 []

[5]
Overfull \hbox (10.74715pt too wide) in paragraph at lines 352--352
 []\OT1/cmtt/m/n/10 size_t seIngresoParametro_buf(char* par, int len, char** ar
gv){[] 
 []


Overfull \hbox (126.24614pt too wide) in paragraph at lines 352--352
 []\OT1/cmtt/m/n/10 for (i = 1; i < len; i+=2){ //SALTO DE PARAMETRO EN PARAMET
RO, PREVIAMENTE EN EL MAIN[] 
 []


Overfull \hbox (10.74715pt too wide) in paragraph at lines 352--352
 []\OT1/cmtt/m/n/10 if (strcmp(argv[i], "-i") == 0 || strcmp(argv[i], "-o") == 
0 ||[] 
 []


Overfull \hbox (5.4972pt too wide) in paragraph at lines 352--352
 []    \OT1/cmtt/m/n/10 strcmp(argv[i], "-I") == 0 || strcmp(argv[i], "-O") == 
0){[] 
 []


Overfull \hbox (5.4972pt too wide) in paragraph at lines 352--352
 []\OT1/cmtt/m/n/10 if (strcmp(argv[i], "-I") == 0 || strcmp(argv[i], "-O") == 
0){[] 
 []

[6]
Overfull \hbox (57.99673pt too wide) in paragraph at lines 352--352
 []\OT1/cmtt/m/n/10 fprintf(stderr, "Fallo en la ejecucion de la funcion fprint
f o printf");[] 
 []


Overfull \hbox (120.99619pt too wide) in paragraph at lines 352--352
 []  \OT1/cmtt/m/n/10 if (printf("%s\n", "Usage:\ntp0 -h\ntp0 -V\ntp0 [options]
\nOptions:\n-V, --version[] 
 []


Overfull \hbox (68.49664pt too wide) in paragraph at lines 352--352
 []  \OT1/cmtt/m/n/10 Print version and quit.\n-h, --help Print this informatio
n.\n-i, --input[] 
 []


Overfull \hbox (68.49664pt too wide) in paragraph at lines 352--352
 []  \OT1/cmtt/m/n/10 Location of the input file.\n-o, --output Location of the
 output file.\n[] 
 []


Overfull \hbox (110.49628pt too wide) in paragraph at lines 352--352
 []  \OT1/cmtt/m/n/10 Examples:\ntp0 -i ~/input -o ~/output -I ~/buf_in_size -O
 ~/buf_out_size") < 0){[] 
 []


Overfull \hbox (57.99673pt too wide) in paragraph at lines 352--352
 []\OT1/cmtt/m/n/10 fprintf(stderr, "Fallo en la ejecucion de la funcion fprint
f o printf");[] 
 []


Overfull \hbox (68.49664pt too wide) in paragraph at lines 352--352
 []  \OT1/cmtt/m/n/10 if (fprintf(stderr, "Los par^^Sametros ingresados no son 
v^^Salidos.\n") < 0){[] 
 []


Overfull \hbox (57.99673pt too wide) in paragraph at lines 352--352
 []\OT1/cmtt/m/n/10 fprintf(stderr, "Fallo en la ejecucion de la funcion fprint
f o printf");[] 
 []


Overfull \hbox (84.2465pt too wide) in paragraph at lines 352--352
 []  \OT1/cmtt/m/n/10 // No puede ser mayor que nueve porque s^^Solo se pueden 
pasar 8 parametros al[] 
 []


Overfull \hbox (105.24632pt too wide) in paragraph at lines 352--352
 []  \OT1/cmtt/m/n/10 // No puede tener ni 4 ni 6 ni 8 p^^Sarametros porque sig
nificaria que "-i" o "-o"[] 
 []

[7]
Overfull \hbox (120.99619pt too wide) in paragraph at lines 352--352
 []  \OT1/cmtt/m/n/10 if (aperturaDeArchivos(input_fileName, &input_file, outpu
t_fileName, &output_file)[] 
 []


Overfull \hbox (110.49628pt too wide) in paragraph at lines 352--352
 []   \OT1/cmtt/m/n/10 if (fprintf(stderr, "Alguno de los archivos ingresados n
o pudo ser abierto.\n")[] 
 []


Overfull \hbox (57.99673pt too wide) in paragraph at lines 352--352
 []\OT1/cmtt/m/n/10 fprintf(stderr, "Fallo en la ejecucion de la funcion fprint
f o printf");[] 
 []


Overfull \hbox (115.74623pt too wide) in paragraph at lines 352--352
 []  \OT1/cmtt/m/n/10 palindrome(ifd, bufferIn, ofd, bufferOut); //ACA LLAMAMOS
 A LA FUNCION PALINDROME[] 
 []


Underfull \hbox (badness 10000) in paragraph at lines 353--354

 []

[8]
Overfull \hbox (52.74678pt too wide) in paragraph at lines 903--903
 []\OT1/cmtt/m/n/10 sw v0, 16($fp) # salvo la posicion inicial del buffer en el
 stack frame[] 
 []


Overfull \hbox (115.74623pt too wide) in paragraph at lines 903--903
 []\OT1/cmtt/m/n/10 lw a0, TAM_BUFF_PAL # arrancamos con tamanio de buffer de 2
00, si viene una palabra[] 
 []


Overfull \hbox (68.49664pt too wide) in paragraph at lines 903--903
 []\OT1/cmtt/m/n/10 jal mymalloc # en v0 tengo la posicion de memoria del buffe
r para palabras[] 
 []

[9]
Overfull \hbox (15.9971pt too wide) in paragraph at lines 903--903
 []\OT1/cmtt/m/n/10 #paso la posicion actual del buffin (que resulta ser la ini
cial)[] 
 []


Overfull \hbox (99.99637pt too wide) in paragraph at lines 903--903
 []\OT1/cmtt/m/n/10 lw a0, 16($fp) # si no es palabra, cargo la posicion actual
 del buff in y vuelvo[] 
 []


Overfull \hbox (31.74696pt too wide) in paragraph at lines 903--903
 []\OT1/cmtt/m/n/10 lw t1, POS_INICIAL_BUFF_PAL # cargo la posicion del primer 
caracter[] 
 []


Overfull \hbox (26.49701pt too wide) in paragraph at lines 903--903
 []\OT1/cmtt/m/n/10 li t7, 0 # inicializo t7 en 0 porque ya detect^^Se el prime
r caracter[] 
 []


Overfull \hbox (36.99692pt too wide) in paragraph at lines 903--903
 []\OT1/cmtt/m/n/10 lw a0, 16($fp) # preparo los argumentos para getch, paso la
 posicion[] 
 []


Overfull \hbox (63.24669pt too wide) in paragraph at lines 903--903
 []\OT1/cmtt/m/n/10 beq v0, 1, _analizarPalindromo  # si el caracter es un espa
cio no escribo[] 
 []


Overfull \hbox (42.24687pt too wide) in paragraph at lines 903--903
 []\OT1/cmtt/m/n/10 b _analizar_redimension # me fijo si hay que redimensionar,
 sino sigo[] 
 []

[10]
Overfull \hbox (36.99692pt too wide) in paragraph at lines 903--903
 []\OT1/cmtt/m/n/10 lw t0, POS_INICIAL_BUFF_PAL # cargo la posicion inicial del
 buff pal[] 
 []


Overfull \hbox (47.49683pt too wide) in paragraph at lines 903--903
 []\OT1/cmtt/m/n/10 # si salgo de ac^^Sa, entonces ya tengo la palabra entera e
n el buffwords[] 
 []


Overfull \hbox (15.9971pt too wide) in paragraph at lines 903--903
 []\OT1/cmtt/m/n/10 lw a0, POS_INICIAL_BUFF_PAL # preparo parametros para palin
drome[] 
 []


Overfull \hbox (36.99692pt too wide) in paragraph at lines 903--903
 []\OT1/cmtt/m/n/10 li a3, 2 # esto es para indicarle a putch que es la ultima 
escritura[] 
 []

[11]
Overfull \hbox (21.24706pt too wide) in paragraph at lines 903--903
 []\OT1/cmtt/m/n/10 sw v0, 16($fp) # en v0 tengo la posicion inicial del nuevo 
buffer[] 
 []

[12]
Overfull \hbox (5.4972pt too wide) in paragraph at lines 903--903
 []\OT1/cmtt/m/n/10 sw a3, 52($fp) # guardo el tipo de escritura a pasarle a pu
tch[] 
 []


Overfull \hbox (15.9971pt too wide) in paragraph at lines 903--903
 []\OT1/cmtt/m/n/10 sw a2, 20($fp) # la guardo en el stack frame de palindromeS
tring[] 
 []


Overfull \hbox (89.49646pt too wide) in paragraph at lines 903--903
 []\OT1/cmtt/m/n/10 # Si el programa recibe un 2, significa que no debe analiza
r ning^^Sun palindromo[] 
 []


Overfull \hbox (5.4972pt too wide) in paragraph at lines 903--903
 []\OT1/cmtt/m/n/10 # guardo en t2 la mitad del string (le sumo uno porque trun
ca)[] 
 []

[13]
Overfull \hbox (31.74696pt too wide) in paragraph at lines 903--903
 []\OT1/cmtt/m/n/10 # si los caracteres espejo no son iguales entonces no es pa
lindromo[] 
 []


Overfull \hbox (0.24724pt too wide) in paragraph at lines 903--903
 []\OT1/cmtt/m/n/10 lw t2, 20($fp) # en t2 tengo la pos_actual del buff de sali
da[] 
 []


Overfull \hbox (57.99673pt too wide) in paragraph at lines 903--903
 []\OT1/cmtt/m/n/10 la a1, SALTO_DE_LINEA # cargo el salto de linea como caract
er a imprimir[] 
 []


Overfull \hbox (15.9971pt too wide) in paragraph at lines 903--903
 []\OT1/cmtt/m/n/10 lw a2, 52($fp) # indico que tipo de escritura es, final o n
ormal[] 
 []


Overfull \hbox (15.9971pt too wide) in paragraph at lines 903--903
 []\OT1/cmtt/m/n/10 lw v0, 20($fp) # devuelvo la nueva pos_actual del buff de s
alida[] 
 []

[14]
Overfull \hbox (68.49664pt too wide) in paragraph at lines 903--903
 []\OT1/cmtt/m/n/10 # me guardo los par^^Sametros que no guardo la caller (por 
convenci^^Son de ABI)[] 
 []


Overfull \hbox (110.49628pt too wide) in paragraph at lines 903--903
 []\OT1/cmtt/m/n/10 beq a2, 2, _vaciar_buffer_final # si a2 es 2 significa que 
es una ultima escritura[] 
 []


Overfull \hbox (115.74623pt too wide) in paragraph at lines 903--903
 []\OT1/cmtt/m/n/10 subu t0, t0, t1 # al resultado le resto el tama~no. Si son 
iguales, tendr^^Se que pasar[] 
 []


Overfull \hbox (10.74715pt too wide) in paragraph at lines 903--903
 []\OT1/cmtt/m/n/10 lw t2, 40($fp) # cargo en t2 la pos_actual del buffer de sa
lida[] 
 []


Overfull \hbox (31.74696pt too wide) in paragraph at lines 903--903
 []\OT1/cmtt/m/n/10 sb t3, 0(t2) # guardo el char en la pos_actual del buffer d
e salida[] 
 []

[15]
Overfull \hbox (26.49701pt too wide) in paragraph at lines 903--903
 []\OT1/cmtt/m/n/10 la t0, POS_INICIAL_OB # la posicion actual vuelve a ser la 
inicial[] 
 []


Overfull \hbox (21.24706pt too wide) in paragraph at lines 903--903
 []\OT1/cmtt/m/n/10 # si llegu^^Se hasta ac^^Sa ley^^So menos que el tama~no qu
e deb^^S^^Pa imprimir[] 
 []


Overfull \hbox (21.24706pt too wide) in paragraph at lines 903--903
 []\OT1/cmtt/m/n/10 addu t1, t1, v0 # le sumo a la posicion inicial lo que ya e
scribi[] 
 []


Overfull \hbox (31.74696pt too wide) in paragraph at lines 903--903
 []\OT1/cmtt/m/n/10 # esto funciona s^^Solo si en v0 tengo los bytes que s^^S^^
P puedo escribir[] 
 []


Overfull \hbox (63.24669pt too wide) in paragraph at lines 903--903
 []\OT1/cmtt/m/n/10 sw t1, 16($fp) # mi nueva posici^^Son inicial estaba en t1.
 la guardo en LTA[] 
 []


Overfull \hbox (31.74696pt too wide) in paragraph at lines 903--903
 []\OT1/cmtt/m/n/10 # mi nuevo tama~no ser^^Sa el tama~no anterior - los caract
eres escritos[] 
 []


Overfull \hbox (47.49683pt too wide) in paragraph at lines 903--903
 []\OT1/cmtt/m/n/10 sw a2, 20($fp) # me guardo el nuevo tama~no a leer para com
probar luego[] 
 []


Overfull \hbox (68.49664pt too wide) in paragraph at lines 903--903
 []\OT1/cmtt/m/n/10 _error_en_syscall_putch: # devuelvo en v0 un -1 y en v1 el 
c^^Sodigo de error[] 
 []

[16]
Overfull \hbox (68.49664pt too wide) in paragraph at lines 903--903
 []\OT1/cmtt/m/n/10 # me guardo los par^^Sametros que no guardo la caller (por 
convenci^^Son de ABI)[] 
 []


Overfull \hbox (89.49646pt too wide) in paragraph at lines 903--903
 []\OT1/cmtt/m/n/10 subu t0, t0, t1 # al resultado, le resto el tama~no. Si son
 iguales, tendr^^Se que[] 
 []


Overfull \hbox (68.49664pt too wide) in paragraph at lines 903--903
 []\OT1/cmtt/m/n/10 lw v0, 40($fp) # en v0 guardo el char (le^^S^^Pdo) que es l
o que voy a devolver[] 
 []

[17]
Overfull \hbox (31.74696pt too wide) in paragraph at lines 903--903
 []\OT1/cmtt/m/n/10 bgtz t0, _relectura # si pasa ^^Sesta l^^S^^Pnea, entonces 
a3=0 y v0=ibytes[] 
 []


Overfull \hbox (84.2465pt too wide) in paragraph at lines 903--903
 []\OT1/cmtt/m/n/10 _error_en_syscall: # devuelvo en v0 un -1 y en v1 el c^^Sod
igo de error generado[] 
 []

[18]
Overfull \hbox (5.4972pt too wide) in paragraph at lines 903--903
 []\OT1/cmtt/m/n/10 lw t0, 16($fp) # mi posici^^Son inicial estaba en LTA. la l
evanto[] 
 []


Overfull \hbox (120.99619pt too wide) in paragraph at lines 903--903
 []\OT1/cmtt/m/n/10 add t0, t0, v0 # mi nueva posici^^Son inicial, ser^^Sa la a
nterior + los caracteres le^^S^^Pdos[] 
 []


Overfull \hbox (36.99692pt too wide) in paragraph at lines 903--903
 []\OT1/cmtt/m/n/10 sw t0, 16($fp) # me guardo la nueva posici^^Son inicial tem
poral en LTA[] 
 []


Overfull \hbox (105.24632pt too wide) in paragraph at lines 903--903
 []\OT1/cmtt/m/n/10 subu t0, t1, v0 # mi nuevo tama~no ser^^Sa el tama~no anter
ior - los caracteres le^^S^^Pdos[] 
 []


Underfull \hbox (badness 10000) in paragraph at lines 904--905

 []

[19]
Overfull \hbox (63.24669pt too wide) in paragraph at lines 962--962
 []\OT1/cmtt/m/n/10 sub t4, a0, 57 # si es menor o igual que 57 seguro no es es
pacio [0,..,9][] 
 []


Overfull \hbox (57.99673pt too wide) in paragraph at lines 962--962
 []\OT1/cmtt/m/n/10 sub t4, a0, 90 # si es menor o igual a 90 seguro no es espa
cio [A,...,Z][] 
 []

[20] [21] [22] [23]
Overfull \hbox (57.99673pt too wide) in paragraph at lines 1121--1121
 []\OT1/cmtt/m/n/10 aaaaaaaaaaaaaaaaaaaaaaaaaaaaaaaaaaaaaaaaaaaaaaaaaaaaaaaaaaa
aaaaaaaaaaaaa[] 
 []


Overfull \hbox (57.99673pt too wide) in paragraph at lines 1121--1121
 []\OT1/cmtt/m/n/10 aaaaaaaaaaaaaaaaaaaaaaaaaaaaaaaaaaaaaaaaaaaaaaaaaaaaaaaaaaa
aaaaaaaaaaaaa[] 
 []


Overfull \hbox (57.99673pt too wide) in paragraph at lines 1121--1121
 []\OT1/cmtt/m/n/10 ccccccccccccccccccccccccccccccccccccccccccccccccccccccccccc
ccccccccccccc[] 
 []


Overfull \hbox (57.99673pt too wide) in paragraph at lines 1121--1121
 []\OT1/cmtt/m/n/10 ccccccccccccccccccccccccccccccccccccccccccccccccccccccccccc
ccccccccccccc[] 
 []


Overfull \hbox (57.99673pt too wide) in paragraph at lines 1121--1121
 []\OT1/cmtt/m/n/10 ccccccccccccccccccccccccccccccccccccccccccccccccccccccccccc
ccccccccccccc[] 
 []


Overfull \hbox (57.99673pt too wide) in paragraph at lines 1121--1121
 []\OT1/cmtt/m/n/10 ccccccccccccccccccccccccccccccccccccccccccccccccccccccccccc
ccccccccccccc[] 
 []


Overfull \hbox (57.99673pt too wide) in paragraph at lines 1121--1121
 []\OT1/cmtt/m/n/10 ccccccccccccccccccccccccccccccccccccccccccccccccccccccccccc
ccccccccccccc[] 
 []


Overfull \hbox (57.99673pt too wide) in paragraph at lines 1121--1121
 []\OT1/cmtt/m/n/10 ccccccccccccccccccccccccccccccccccccccccccccccccccccccccccc
ccccccccccccc[] 
 []


Overfull \hbox (57.99673pt too wide) in paragraph at lines 1121--1121
 []\OT1/cmtt/m/n/10 ccccccccccccccccccccccccccccccccccccccccccccccccccccccccccc
ccccccccccccc[] 
 []


Overfull \hbox (57.99673pt too wide) in paragraph at lines 1121--1121
 []\OT1/cmtt/m/n/10 ccccccccccccccccccccccccccccccccccccccccccccccccccccccccccc
ccccccccccccc[] 
 []


Overfull \hbox (57.99673pt too wide) in paragraph at lines 1121--1121
 []\OT1/cmtt/m/n/10 ccccccccccccccccccccccccccccccccccccccccccccccccccccccccccc
ccccccccccccc[] 
 []

[24] [25] (./informetp1.aux
LaTeX Info: Redefining \. on input line 6.
LaTeX Info: Redefining \% on input line 6.
) ) 
Here is how much of TeX's memory you used:
 2718 strings out of 492982
 36088 string characters out of 6134896
 109011 words of memory out of 5000000
 6250 multiletter control sequences out of 15000+600000
 8271 words of font info for 30 fonts, out of 8000000 for 9000
 1141 hyphenation exceptions out of 8191
 41i,7n,30p,1060b,359s stack positions out of 5000i,500n,10000p,200000b,80000s
</usr/share/texlive/texmf-dist/fonts/type1/public/amsfonts/cm/cmbx12.pfb></u
sr/share/texlive/texmf-dist/fonts/type1/public/amsfonts/cm/cmr10.pfb></usr/shar
e/texlive/texmf-dist/fonts/type1/public/amsfonts/cm/cmr12.pfb></usr/share/texli
ve/texmf-dist/fonts/type1/public/amsfonts/cm/cmsy10.pfb></usr/share/texlive/tex
mf-dist/fonts/type1/public/amsfonts/cm/cmti12.pfb></usr/share/texlive/texmf-dis
t/fonts/type1/public/amsfonts/cm/cmtt10.pfb></usr/share/texlive/texmf-dist/font
s/type1/public/amsfonts/cm/cmtt12.pfb>
Output written on informetp1.pdf (25 pages, 124004 bytes).
PDF statistics:
 113 PDF objects out of 1000 (max. 8388607)
 78 compressed objects within 1 object stream
 0 named destinations out of 1000 (max. 500000)
 1 words of extra memory for PDF output out of 10000 (max. 10000000)

